This is pdfTeX, Version 3.14159265-2.6-1.40.16 (TeX Live 2015) (preloaded format=pdflatex 2015.8.14)  19 OCT 2015 16:25
entering extended mode
 restricted \write18 enabled.
 %&-line parsing enabled.
**supplement_17D204_subs_STANDALONE.tex
(./supplement_17D204_subs_STANDALONE.tex
LaTeX2e <2015/01/01>
Babel <3.9l> and hyphenation patterns for 79 languages loaded.
(/usr/local/texlive/2015/texmf-dist/tex/latex/base/report.cls
Document Class: report 2014/09/29 v1.4h Standard LaTeX document class
(/usr/local/texlive/2015/texmf-dist/tex/latex/base/size10.clo
File: size10.clo 2014/09/29 v1.4h Standard LaTeX file (size option)
)
\c@part=\count79
\c@chapter=\count80
\c@section=\count81
\c@subsection=\count82
\c@subsubsection=\count83
\c@paragraph=\count84
\c@subparagraph=\count85
\c@figure=\count86
\c@table=\count87
\abovecaptionskip=\skip41
\belowcaptionskip=\skip42
\bibindent=\dimen102
)
(/usr/local/texlive/2015/texmf-dist/tex/latex/threeparttablex/threeparttablex.s
ty
Package: threeparttablex 2013/07/23 v0.3 by daleif

(/usr/local/texlive/2015/texmf-dist/tex/latex/threeparttable/threeparttable.sty
Package: threeparttable 2003/06/13  v 3.0
\@tempboxb=\box26
) (/usr/local/texlive/2015/texmf-dist/tex/latex/environ/environ.sty
Package: environ 2014/05/04 v0.3 A new way to define environments

(/usr/local/texlive/2015/texmf-dist/tex/latex/trimspaces/trimspaces.sty
Package: trimspaces 2009/09/17 v1.1 Trim spaces around a token list
)
\@envbody=\toks14
)
\TPTL@width=\skip43
)
(/usr/local/texlive/2015/texmf-dist/tex/latex/xcolor/xcolor.sty
Package: xcolor 2007/01/21 v2.11 LaTeX color extensions (UK)

(/usr/local/texlive/2015/texmf-dist/tex/latex/latexconfig/color.cfg
File: color.cfg 2007/01/18 v1.5 color configuration of teTeX/TeXLive
)
Package xcolor Info: Driver file: pdftex.def on input line 225.

(/usr/local/texlive/2015/texmf-dist/tex/latex/pdftex-def/pdftex.def
File: pdftex.def 2011/05/27 v0.06d Graphics/color for pdfTeX

(/usr/local/texlive/2015/texmf-dist/tex/generic/oberdiek/infwarerr.sty
Package: infwarerr 2010/04/08 v1.3 Providing info/warning/error messages (HO)
)
(/usr/local/texlive/2015/texmf-dist/tex/generic/oberdiek/ltxcmds.sty
Package: ltxcmds 2011/11/09 v1.22 LaTeX kernel commands for general use (HO)
)
\Gread@gobject=\count88
)
(/usr/local/texlive/2015/texmf-dist/tex/latex/colortbl/colortbl.sty
Package: colortbl 2012/02/13 v1.0a Color table columns (DPC)

(/usr/local/texlive/2015/texmf-dist/tex/latex/tools/array.sty
Package: array 2014/10/28 v2.4c Tabular extension package (FMi)
\col@sep=\dimen103
\extrarowheight=\dimen104
\NC@list=\toks15
\extratabsurround=\skip44
\backup@length=\skip45
)
\everycr=\toks16
\minrowclearance=\skip46
)
\rownum=\count89
Package xcolor Info: Model `cmy' substituted by `cmy0' on input line 1337.
Package xcolor Info: Model `hsb' substituted by `rgb' on input line 1341.
Package xcolor Info: Model `RGB' extended on input line 1353.
Package xcolor Info: Model `HTML' substituted by `rgb' on input line 1355.
Package xcolor Info: Model `Hsb' substituted by `hsb' on input line 1356.
Package xcolor Info: Model `tHsb' substituted by `hsb' on input line 1357.
Package xcolor Info: Model `HSB' substituted by `hsb' on input line 1358.
Package xcolor Info: Model `Gray' substituted by `gray' on input line 1359.
Package xcolor Info: Model `wave' substituted by `hsb' on input line 1360.
)
(/usr/local/texlive/2015/texmf-dist/tex/latex/tabu/tabu.sty
Package: tabu 2011/02/26 v2.8 - flexible LaTeX tabulars (FC)

(/usr/local/texlive/2015/texmf-dist/tex/latex/varwidth/varwidth.sty
Package: varwidth 2009/03/30 ver 0.92;  Variable-width minipages
\@vwid@box=\box27
\sift@deathcycles=\count90
\@vwid@loff=\dimen105
\@vwid@roff=\dimen106
)
\c@taburow=\count91
\tabu@nbcols=\count92
\tabu@cnt=\count93
\tabu@Xcol=\count94
\tabu@alloc=\count95
\tabu@nested=\count96
\tabu@target=\dimen107
\tabu@spreadtarget=\dimen108
\tabu@naturalX=\dimen109
\tabucolX=\dimen110
\tabu@Xsum=\dimen111
\extrarowdepth=\dimen112
\abovetabulinesep=\dimen113
\belowtabulinesep=\dimen114
\tabustrutrule=\dimen115
\tabu@thebody=\toks17
\tabu@footnotes=\toks18
\tabu@box=\box28
\tabu@arstrutbox=\box29
\tabu@hleads=\box30
\tabu@vleads=\box31
\tabu@cellskip=\skip47
)
(/usr/local/texlive/2015/texmf-dist/tex/latex/rotating/rotating.sty
Package: rotating 2009/03/28 v2.16a rotated objects in LaTeX

(/usr/local/texlive/2015/texmf-dist/tex/latex/graphics/graphicx.sty
Package: graphicx 2014/10/28 v1.0g Enhanced LaTeX Graphics (DPC,SPQR)

(/usr/local/texlive/2015/texmf-dist/tex/latex/graphics/keyval.sty
Package: keyval 2014/10/28 v1.15 key=value parser (DPC)
\KV@toks@=\toks19
)
(/usr/local/texlive/2015/texmf-dist/tex/latex/graphics/graphics.sty
Package: graphics 2014/10/28 v1.0p Standard LaTeX Graphics (DPC,SPQR)

(/usr/local/texlive/2015/texmf-dist/tex/latex/graphics/trig.sty
Package: trig 1999/03/16 v1.09 sin cos tan (DPC)
)
(/usr/local/texlive/2015/texmf-dist/tex/latex/latexconfig/graphics.cfg
File: graphics.cfg 2010/04/23 v1.9 graphics configuration of TeX Live
)
Package graphics Info: Driver file: pdftex.def on input line 94.
)
\Gin@req@height=\dimen116
\Gin@req@width=\dimen117
)
(/usr/local/texlive/2015/texmf-dist/tex/latex/base/ifthen.sty
Package: ifthen 2014/09/29 v1.1c Standard LaTeX ifthen package (DPC)
)
\c@r@tfl@t=\count97
\rotFPtop=\skip48
\rotFPbot=\skip49
\rot@float@box=\box32
\rot@mess@toks=\toks20
)
(/usr/local/texlive/2015/texmf-dist/tex/latex/booktabs/booktabs.sty
Package: booktabs 2005/04/14 v1.61803 publication quality tables
\heavyrulewidth=\dimen118
\lightrulewidth=\dimen119
\cmidrulewidth=\dimen120
\belowrulesep=\dimen121
\belowbottomsep=\dimen122
\aboverulesep=\dimen123
\abovetopsep=\dimen124
\cmidrulesep=\dimen125
\cmidrulekern=\dimen126
\defaultaddspace=\dimen127
\@cmidla=\count98
\@cmidlb=\count99
\@aboverulesep=\dimen128
\@belowrulesep=\dimen129
\@thisruleclass=\count100
\@lastruleclass=\count101
\@thisrulewidth=\dimen130
)
(./supplement_17D204_subs_STANDALONE.aux)
\openout1 = `supplement_17D204_subs_STANDALONE.aux'.

LaTeX Font Info:    Checking defaults for OML/cmm/m/it on input line 8.
LaTeX Font Info:    ... okay on input line 8.
LaTeX Font Info:    Checking defaults for T1/cmr/m/n on input line 8.
LaTeX Font Info:    ... okay on input line 8.
LaTeX Font Info:    Checking defaults for OT1/cmr/m/n on input line 8.
LaTeX Font Info:    ... okay on input line 8.
LaTeX Font Info:    Checking defaults for OMS/cmsy/m/n on input line 8.
LaTeX Font Info:    ... okay on input line 8.
LaTeX Font Info:    Checking defaults for OMX/cmex/m/n on input line 8.
LaTeX Font Info:    ... okay on input line 8.
LaTeX Font Info:    Checking defaults for U/cmr/m/n on input line 8.
LaTeX Font Info:    ... okay on input line 8.

(/usr/local/texlive/2015/texmf-dist/tex/context/base/supp-pdf.mkii
[Loading MPS to PDF converter (version 2006.09.02).]
\scratchcounter=\count102
\scratchdimen=\dimen131
\scratchbox=\box33
\nofMPsegments=\count103
\nofMParguments=\count104
\everyMPshowfont=\toks21
\MPscratchCnt=\count105
\MPscratchDim=\dimen132
\MPnumerator=\count106
\makeMPintoPDFobject=\count107
\everyMPtoPDFconversion=\toks22
) (/usr/local/texlive/2015/texmf-dist/tex/generic/oberdiek/pdftexcmds.sty
Package: pdftexcmds 2011/11/29 v0.20 Utility functions of pdfTeX for LuaTeX (HO
)

(/usr/local/texlive/2015/texmf-dist/tex/generic/oberdiek/ifluatex.sty
Package: ifluatex 2010/03/01 v1.3 Provides the ifluatex switch (HO)
Package ifluatex Info: LuaTeX not detected.
)
(/usr/local/texlive/2015/texmf-dist/tex/generic/oberdiek/ifpdf.sty
Package: ifpdf 2011/01/30 v2.3 Provides the ifpdf switch (HO)
Package ifpdf Info: pdfTeX in PDF mode is detected.
)
Package pdftexcmds Info: LuaTeX not detected.
Package pdftexcmds Info: \pdf@primitive is available.
Package pdftexcmds Info: \pdf@ifprimitive is available.
Package pdftexcmds Info: \pdfdraftmode found.
)
(/usr/local/texlive/2015/texmf-dist/tex/latex/oberdiek/epstopdf-base.sty
Package: epstopdf-base 2010/02/09 v2.5 Base part for package epstopdf

(/usr/local/texlive/2015/texmf-dist/tex/latex/oberdiek/grfext.sty
Package: grfext 2010/08/19 v1.1 Manage graphics extensions (HO)

(/usr/local/texlive/2015/texmf-dist/tex/generic/oberdiek/kvdefinekeys.sty
Package: kvdefinekeys 2011/04/07 v1.3 Define keys (HO)
))
(/usr/local/texlive/2015/texmf-dist/tex/latex/oberdiek/kvoptions.sty
Package: kvoptions 2011/06/30 v3.11 Key value format for package options (HO)

(/usr/local/texlive/2015/texmf-dist/tex/generic/oberdiek/kvsetkeys.sty
Package: kvsetkeys 2012/04/25 v1.16 Key value parser (HO)

(/usr/local/texlive/2015/texmf-dist/tex/generic/oberdiek/etexcmds.sty
Package: etexcmds 2011/02/16 v1.5 Avoid name clashes with e-TeX commands (HO)
Package etexcmds Info: Could not find \expanded.
(etexcmds)             That can mean that you are not using pdfTeX 1.50 or
(etexcmds)             that some package has redefined \expanded.
(etexcmds)             In the latter case, load this package earlier.
)))
Package grfext Info: Graphics extension search list:
(grfext)             [.png,.pdf,.jpg,.mps,.jpeg,.jbig2,.jb2,.PNG,.PDF,.JPG,.JPE
G,.JBIG2,.JB2,.eps]
(grfext)             \AppendGraphicsExtensions on input line 452.

(/usr/local/texlive/2015/texmf-dist/tex/latex/latexconfig/epstopdf-sys.cfg
File: epstopdf-sys.cfg 2010/07/13 v1.3 Configuration of (r)epstopdf for TeX Liv
e
))
(./supplement_17D204_subs_SOURCE.tex
LaTeX Font Info:    External font `cmex10' loaded for size
(Font)              <8> on input line 3.
LaTeX Font Info:    External font `cmex10' loaded for size
(Font)              <6> on input line 3.
LaTeX Font Info:    External font `cmex10' loaded for size
(Font)              <5> on input line 3.
Missing character: There is no Â in font cmbx8!
Missing character: There is no ® in font cmbx8!
Missing character: There is no Â in font cmbx8!
Missing character: There is no ® in font cmbx8!
Missing character: There is no Â in font cmbx8!
Missing character: There is no ® in font cmbx8!
Missing character: There is no Â in font cmbx8!
Missing character: There is no ® in font cmbx8!
Missing character: There is no Â in font cmbx8!
Missing character: There is no ® in font cmbx8!
Missing character: There is no Â in font cmbx8!
Missing character: There is no ® in font cmbx8!

Overfull \hbox (25.17233pt too wide) in paragraph at lines 55--55
[]\OT1/cmr/bx/n/8 Position|  
 []


Overfull \hbox (13.887pt too wide) in paragraph at lines 55--55
[]\OT1/cmr/bx/n/8 Gene|  
 []


Overfull \hbox (19.8065pt too wide) in paragraph at lines 55--55
[]\OT1/cmr/bx/n/8 Codon|  
 []


Overfull \hbox (14.89041pt too wide) in paragraph at lines 55--55
[]\OT1/cmr/bx/n/8 Amino 
 []


Overfull \hbox (6.17923pt too wide) in paragraph at lines 55--55
\OT1/cmr/bx/n/8 Acid|  
 []

Missing character: There is no Â in font cmbx8!
Missing character: There is no ® in font cmbx8!

Overfull \hbox (3.07365pt too wide) in paragraph at lines 55--55
[]\OT1/cmr/bx/n/8 YF- 
 []


Overfull \hbox (27.27663pt too wide) in paragraph at lines 55--55
\OT1/cmr/bx/n/8 Vax/1995|  
 []

Missing character: There is no Â in font cmbx8!
Missing character: There is no ® in font cmbx8!

Overfull \hbox (3.07365pt too wide) in paragraph at lines 55--55
[]\OT1/cmr/bx/n/8 YF- 
 []


Overfull \hbox (27.27663pt too wide) in paragraph at lines 55--55
\OT1/cmr/bx/n/8 Vax/2012|  
 []


Overfull \hbox (19.95157pt too wide) in paragraph at lines 55--55
[]\OT1/cmr/bx/n/8 YFS/11|  
 []


Overfull \hbox (18.40157pt too wide) in paragraph at lines 55--55
[]\OT1/cmr/bx/n/8 5114.15|  
 []


Overfull \hbox (11.7626pt too wide) in paragraph at lines 55--55
[]\OT1/cmr/bx/n/8 NDC- 
 []


Overfull \hbox (5.87924pt too wide) in paragraph at lines 55--55
\OT1/cmr/bx/n/8 6676|  
 []


Overfull \hbox (11.7626pt too wide) in paragraph at lines 55--55
[]\OT1/cmr/bx/n/8 NDC- 
 []


Overfull \hbox (5.87924pt too wide) in paragraph at lines 55--55
\OT1/cmr/bx/n/8 6677|  
 []


Overfull \hbox (44.92401pt too wide) in paragraph at lines 55--55
[]\OT1/cmr/bx/n/8 17D/Stamaril 
 []


Overfull \hbox (18.1571pt too wide) in paragraph at lines 55--55
\OT1/cmr/bx/n/8 X15062|  
 []


Overfull \hbox (36.0128pt too wide) in paragraph at lines 55--55
[]\OT1/cmr/bx/n/8 17D/ATCC 
 []


Overfull \hbox (18.1571pt too wide) in paragraph at lines 55--55
\OT1/cmr/bx/n/8 X03700|  
 []


Overfull \hbox (3.57922pt too wide) in paragraph at lines 55--55
[]\OT1/cmr/bx/n/8 17D 
 []


Overfull \hbox (30.6739pt too wide) in paragraph at lines 55--55
\OT1/cmr/bx/n/8 /TianTian 
 []


Overfull \hbox (26.87941pt too wide) in paragraph at lines 55--55
\OT1/cmr/bx/n/8 FJ654700|  
 []

Missing character: There is no Â in font cmbx8!
Missing character: There is no ® in font cmbx8!

Overfull \hbox (16.3043pt too wide) in paragraph at lines 55--55
[]\OT1/cmr/bx/n/8 YFVax 
 []


Overfull \hbox (29.39328pt too wide) in paragraph at lines 55--55
\OT1/cmr/bx/n/8 UF795AA|  
 []


Overfull \hbox (3.14558pt too wide) in paragraph at lines 55--55
[]\OT1/cmr/m/n/8 237|  
 []


Overfull \hbox (3.14558pt too wide) in paragraph at lines 55--55
[]\OT1/cmr/m/n/8 854|  
 []


Overfull \hbox (7.39565pt too wide) in paragraph at lines 55--55
[]\OT1/cmr/m/n/8 1127|  
 []


Overfull \hbox (7.39565pt too wide) in paragraph at lines 55--55
[]\OT1/cmr/m/n/8 1140|  
 []


Overfull \hbox (7.39565pt too wide) in paragraph at lines 55--55
[]\OT1/cmr/m/n/8 1431|  
 []


Overfull \hbox (4.51756pt too wide) in paragraph at lines 55--55
[]\OT1/cmr/m/n/8 153|  
 []


Overfull \hbox (7.39565pt too wide) in paragraph at lines 55--55
[]\OT1/cmr/m/n/8 1482|  
 []


Overfull \hbox (4.51756pt too wide) in paragraph at lines 55--55
[]\OT1/cmr/m/n/8 170|  
 []


Overfull \hbox (7.39565pt too wide) in paragraph at lines 55--55
[]\OT1/cmr/m/n/8 1491|  
 []


Overfull \hbox (4.51756pt too wide) in paragraph at lines 55--55
[]\OT1/cmr/m/n/8 173|  
 []


Overfull \hbox (7.39565pt too wide) in paragraph at lines 55--55
[]\OT1/cmr/m/n/8 1572|  
 []


Overfull \hbox (4.51756pt too wide) in paragraph at lines 55--55
[]\OT1/cmr/m/n/8 200|  
 []


Overfull \hbox (7.39565pt too wide) in paragraph at lines 55--55
[]\OT1/cmr/m/n/8 1692|  
 []


Overfull \hbox (4.51756pt too wide) in paragraph at lines 55--55
[]\OT1/cmr/m/n/8 240|  
 []


Overfull \hbox (7.39565pt too wide) in paragraph at lines 55--55
[]\OT1/cmr/m/n/8 1870|  
 []


Overfull \hbox (4.51756pt too wide) in paragraph at lines 55--55
[]\OT1/cmr/m/n/8 299|  
 []


Overfull \hbox (7.39565pt too wide) in paragraph at lines 55--55
[]\OT1/cmr/m/n/8 1887|  
 []


Overfull \hbox (4.51756pt too wide) in paragraph at lines 55--55
[]\OT1/cmr/m/n/8 305|  
 []


Overfull \hbox (7.39565pt too wide) in paragraph at lines 55--55
[]\OT1/cmr/m/n/8 1946|  
 []


Overfull \hbox (4.51756pt too wide) in paragraph at lines 55--55
[]\OT1/cmr/m/n/8 325|  
 []


Overfull \hbox (7.39565pt too wide) in paragraph at lines 55--55
[]\OT1/cmr/m/n/8 1965|  
 []


Overfull \hbox (4.51756pt too wide) in paragraph at lines 55--55
[]\OT1/cmr/m/n/8 331|  
 []


Overfull \hbox (7.39565pt too wide) in paragraph at lines 55--55
[]\OT1/cmr/m/n/8 2112|  
 []


Overfull \hbox (4.51756pt too wide) in paragraph at lines 55--55
[]\OT1/cmr/m/n/8 380|  
 []


Overfull \hbox (7.39565pt too wide) in paragraph at lines 55--55
[]\OT1/cmr/m/n/8 2193|  
 []


Overfull \hbox (4.51756pt too wide) in paragraph at lines 55--55
[]\OT1/cmr/m/n/8 407|  
 []


Overfull \hbox (7.39565pt too wide) in paragraph at lines 55--55
[]\OT1/cmr/m/n/8 2219|  
 []


Overfull \hbox (4.51756pt too wide) in paragraph at lines 55--55
[]\OT1/cmr/m/n/8 416|  
 []


Overfull \hbox (7.39565pt too wide) in paragraph at lines 55--55
[]\OT1/cmr/m/n/8 2687|  
 []


Overfull \hbox (7.10649pt too wide) in paragraph at lines 55--55
[]\OT1/cmr/m/n/8 NS1|  
 []


Overfull \hbox (7.39565pt too wide) in paragraph at lines 55--55
[]\OT1/cmr/m/n/8 3371|  
 []


Overfull \hbox (7.10649pt too wide) in paragraph at lines 55--55
[]\OT1/cmr/m/n/8 NS1|  
 []


Overfull \hbox (4.51756pt too wide) in paragraph at lines 55--55
[]\OT1/cmr/m/n/8 307|  
 []


Overfull \hbox (7.39565pt too wide) in paragraph at lines 55--55
[]\OT1/cmr/m/n/8 3740|  
 []


Overfull \hbox (13.47325pt too wide) in paragraph at lines 55--55
[]\OT1/cmr/m/n/8 NS2A|  
 []


Overfull \hbox (7.39565pt too wide) in paragraph at lines 55--55
[]\OT1/cmr/m/n/8 3860|  
 []


Overfull \hbox (13.47325pt too wide) in paragraph at lines 55--55
[]\OT1/cmr/m/n/8 NS2A|  
 []


Overfull \hbox (4.51756pt too wide) in paragraph at lines 55--55
[]\OT1/cmr/m/n/8 118|  
 []


Overfull \hbox (7.39565pt too wide) in paragraph at lines 55--55
[]\OT1/cmr/m/n/8 4007|  
 []


Overfull \hbox (13.47325pt too wide) in paragraph at lines 55--55
[]\OT1/cmr/m/n/8 NS2A|  
 []


Overfull \hbox (4.51756pt too wide) in paragraph at lines 55--55
[]\OT1/cmr/m/n/8 167|  
 []


Overfull \hbox (7.39565pt too wide) in paragraph at lines 55--55
[]\OT1/cmr/m/n/8 4013|  
 []


Overfull \hbox (13.47325pt too wide) in paragraph at lines 55--55
[]\OT1/cmr/m/n/8 NS2A|  
 []


Overfull \hbox (4.51756pt too wide) in paragraph at lines 55--55
[]\OT1/cmr/m/n/8 169|  
 []


Overfull \hbox (7.39565pt too wide) in paragraph at lines 55--55
[]\OT1/cmr/m/n/8 4022|  
 []


Overfull \hbox (13.47325pt too wide) in paragraph at lines 55--55
[]\OT1/cmr/m/n/8 NS2A|  
 []


Overfull \hbox (4.51756pt too wide) in paragraph at lines 55--55
[]\OT1/cmr/m/n/8 172|  
 []


Overfull \hbox (7.39565pt too wide) in paragraph at lines 55--55
[]\OT1/cmr/m/n/8 4056|  
 []


Overfull \hbox (13.47325pt too wide) in paragraph at lines 55--55
[]\OT1/cmr/m/n/8 NS2A|  
 []


Overfull \hbox (4.51756pt too wide) in paragraph at lines 55--55
[]\OT1/cmr/m/n/8 183|  
 []


Overfull \hbox (7.39565pt too wide) in paragraph at lines 55--55
[]\OT1/cmr/m/n/8 4289|  
 []


Overfull \hbox (13.12325pt too wide) in paragraph at lines 55--55
[]\OT1/cmr/m/n/8 NS2B|  
 []


Overfull \hbox (7.39565pt too wide) in paragraph at lines 55--55
[]\OT1/cmr/m/n/8 4505|  
 []


Overfull \hbox (13.12325pt too wide) in paragraph at lines 55--55
[]\OT1/cmr/m/n/8 NS2B|  
 []


Overfull \hbox (4.51756pt too wide) in paragraph at lines 55--55
[]\OT1/cmr/m/n/8 109|  
 []


Overfull \hbox (7.39565pt too wide) in paragraph at lines 55--55
[]\OT1/cmr/m/n/8 4559|  
 []


Overfull \hbox (13.12325pt too wide) in paragraph at lines 55--55
[]\OT1/cmr/m/n/8 NS2B|  
 []


Overfull \hbox (4.51756pt too wide) in paragraph at lines 55--55
[]\OT1/cmr/m/n/8 127|  
 []


Overfull \hbox (7.39565pt too wide) in paragraph at lines 55--55
[]\OT1/cmr/m/n/8 5153|  
 []


Overfull \hbox (7.10649pt too wide) in paragraph at lines 55--55
[]\OT1/cmr/m/n/8 NS3|  
 []


Overfull \hbox (4.51756pt too wide) in paragraph at lines 55--55
[]\OT1/cmr/m/n/8 195|  
 []


Overfull \hbox (7.39565pt too wide) in paragraph at lines 55--55
[]\OT1/cmr/m/n/8 6023|  
 []


Overfull \hbox (7.10649pt too wide) in paragraph at lines 55--55
[]\OT1/cmr/m/n/8 NS3|  
 []


Overfull \hbox (4.51756pt too wide) in paragraph at lines 55--55
[]\OT1/cmr/m/n/8 485|  
 []


Overfull \hbox (7.39565pt too wide) in paragraph at lines 55--55
[]\OT1/cmr/m/n/8 6758|  
 []


Overfull \hbox (13.47325pt too wide) in paragraph at lines 55--55
[]\OT1/cmr/m/n/8 NS4A|  
 []


Overfull \hbox (4.51756pt too wide) in paragraph at lines 55--55
[]\OT1/cmr/m/n/8 106|  
 []


Overfull \hbox (7.39565pt too wide) in paragraph at lines 55--55
[]\OT1/cmr/m/n/8 6876|  
 []


Overfull \hbox (13.47325pt too wide) in paragraph at lines 55--55
[]\OT1/cmr/m/n/8 NS4A|  
 []


Overfull \hbox (4.51756pt too wide) in paragraph at lines 55--55
[]\OT1/cmr/m/n/8 146|  
 []


Overfull \hbox (7.39565pt too wide) in paragraph at lines 55--55
[]\OT1/cmr/m/n/8 7171|  
 []


Overfull \hbox (13.12325pt too wide) in paragraph at lines 55--55
[]\OT1/cmr/m/n/8 NS4B|  
 []


Overfull \hbox (7.39565pt too wide) in paragraph at lines 55--55
[]\OT1/cmr/m/n/8 7580|  
 []


Overfull \hbox (13.12325pt too wide) in paragraph at lines 55--55
[]\OT1/cmr/m/n/8 NS4B|  
 []


Overfull \hbox (4.51756pt too wide) in paragraph at lines 55--55
[]\OT1/cmr/m/n/8 232|  
 []


Overfull \hbox (7.39565pt too wide) in paragraph at lines 55--55
[]\OT1/cmr/m/n/8 7701|  
 []


Overfull \hbox (7.10649pt too wide) in paragraph at lines 55--55
[]\OT1/cmr/m/n/8 NS5|  
 []


Overfull \hbox (7.39565pt too wide) in paragraph at lines 55--55
[]\OT1/cmr/m/n/8 8153|  
 []


Overfull \hbox (7.10649pt too wide) in paragraph at lines 55--55
[]\OT1/cmr/m/n/8 NS5|  
 []


Overfull \hbox (4.51756pt too wide) in paragraph at lines 55--55
[]\OT1/cmr/m/n/8 173|  
 []


Overfull \hbox (7.39565pt too wide) in paragraph at lines 55--55
[]\OT1/cmr/m/n/8 9605|  
 []


Overfull \hbox (7.10649pt too wide) in paragraph at lines 55--55
[]\OT1/cmr/m/n/8 NS5|  
 []


Overfull \hbox (4.51756pt too wide) in paragraph at lines 55--55
[]\OT1/cmr/m/n/8 657|  
 []


Overfull \hbox (11.6457pt too wide) in paragraph at lines 55--55
[]\OT1/cmr/m/n/8 10142|  
 []


Overfull \hbox (7.10649pt too wide) in paragraph at lines 55--55
[]\OT1/cmr/m/n/8 NS5|  
 []


Overfull \hbox (4.51756pt too wide) in paragraph at lines 55--55
[]\OT1/cmr/m/n/8 836|  
 []


Overfull \hbox (11.6457pt too wide) in paragraph at lines 55--55
[]\OT1/cmr/m/n/8 10338|  
 []


Overfull \hbox (7.10649pt too wide) in paragraph at lines 55--55
[]\OT1/cmr/m/n/8 NS5|  
 []


Overfull \hbox (4.51756pt too wide) in paragraph at lines 55--55
[]\OT1/cmr/m/n/8 901|  
 []


Overfull \hbox (11.6457pt too wide) in paragraph at lines 55--55
[]\OT1/cmr/m/n/8 10367|  
 []


Overfull \hbox (17.13719pt too wide) in paragraph at lines 55--55
[]\OT1/cmr/m/n/8 3'UTR|  
 []


Overfull \hbox (11.6457pt too wide) in paragraph at lines 55--55
[]\OT1/cmr/m/n/8 10418|  
 []


Overfull \hbox (17.13719pt too wide) in paragraph at lines 55--55
[]\OT1/cmr/m/n/8 3'UTR|  
 []


Overfull \hbox (11.6457pt too wide) in paragraph at lines 55--55
[]\OT1/cmr/m/n/8 10550|  
 []


Overfull \hbox (17.13719pt too wide) in paragraph at lines 55--55
[]\OT1/cmr/m/n/8 3'UTR|  
 []


Overfull \hbox (11.6457pt too wide) in paragraph at lines 55--55
[]\OT1/cmr/m/n/8 10555|  
 []


Overfull \hbox (17.13719pt too wide) in paragraph at lines 55--55
[]\OT1/cmr/m/n/8 3'UTR|  
 []


Overfull \hbox (11.6457pt too wide) in paragraph at lines 55--55
[]\OT1/cmr/m/n/8 10722|  
 []


Overfull \hbox (17.13719pt too wide) in paragraph at lines 55--55
[]\OT1/cmr/m/n/8 3'UTR|  
 []


Overfull \hbox (11.6457pt too wide) in paragraph at lines 55--55
[]\OT1/cmr/m/n/8 10800|  
 []


Overfull \hbox (17.13719pt too wide) in paragraph at lines 55--55
[]\OT1/cmr/m/n/8 3'UTR|  
 []


Overfull \hbox (11.6457pt too wide) in paragraph at lines 55--55
[]\OT1/cmr/m/n/8 10815|  
 []


Overfull \hbox (17.13719pt too wide) in paragraph at lines 55--55
[]\OT1/cmr/m/n/8 3'UTR|  
 []


Overfull \hbox (11.6457pt too wide) in paragraph at lines 55--55
[]\OT1/cmr/m/n/8 10847|  
 []


Overfull \hbox (17.13719pt too wide) in paragraph at lines 55--55
[]\OT1/cmr/m/n/8 3'UTR|  
 []


Overfull \hbox (11.6457pt too wide) in paragraph at lines 55--55
[]\OT1/cmr/m/n/8 10854|  
 []


Overfull \hbox (17.13719pt too wide) in paragraph at lines 55--55
[]\OT1/cmr/m/n/8 3'UTR|  
 []


Overfull \hbox (11.6457pt too wide) in paragraph at lines 55--55
[]\OT1/cmr/m/n/8 10860|  
 []


Overfull \hbox (17.13719pt too wide) in paragraph at lines 55--55
[]\OT1/cmr/m/n/8 3'UTR|  
 []

)

LaTeX Warning: `h' float specifier changed to `ht'.

[1{/usr/local/texlive/2015/texmf-var/fonts/map/pdftex/updmap/pdftex.map}]
(./supplement_17D204_subs_STANDALONE.aux)

LaTeX Warning: Label(s) may have changed. Rerun to get cross-references right.

 ) 
Here is how much of TeX's memory you used:
 3165 strings out of 493089
 44170 string characters out of 6134842
 15123315 words of memory out of 25070116
 6613 multiletter control sequences out of 15000+600000
 5772 words of font info for 21 fonts, out of 8000000 for 9000
 1141 hyphenation exceptions out of 8191
 41i,16n,43p,293b,517s stack positions out of 5000i,500n,10000p,20000000b,80000s
</usr/local/texlive/2015/texmf-dist/fonts/type1/public/amsfonts/cm/cmbx8.pfb>
</usr/local/texlive/2015/texmf-dist/fonts/type1/public/amsfonts/cm/cmr10.pfb></
usr/local/texlive/2015/texmf-dist/fonts/type1/public/amsfonts/cm/cmr6.pfb></usr
/local/texlive/2015/texmf-dist/fonts/type1/public/amsfonts/cm/cmr8.pfb>
Output written on supplement_17D204_subs_STANDALONE.pdf (1 page, 59386 bytes).
PDF statistics:
 24 PDF objects out of 1000 (max. 8388607)
 16 compressed objects within 1 object stream
 0 named destinations out of 1000 (max. 500000)
 1 words of extra memory for PDF output out of 10000 (max. 10000000)

