This is pdfTeX, Version 3.14159265-2.6-1.40.16 (TeX Live 2015) (preloaded format=pdflatex 2015.8.14)  26 OCT 2015 17:22
entering extended mode
 restricted \write18 enabled.
 %&-line parsing enabled.
**revertants_FNV_STANDALONE.tex
(./revertants_FNV_STANDALONE.tex
LaTeX2e <2015/01/01>
Babel <3.9l> and hyphenation patterns for 79 languages loaded.
(/usr/local/texlive/2015/texmf-dist/tex/latex/base/report.cls
Document Class: report 2014/09/29 v1.4h Standard LaTeX document class
(/usr/local/texlive/2015/texmf-dist/tex/latex/base/size10.clo
File: size10.clo 2014/09/29 v1.4h Standard LaTeX file (size option)
)
\c@part=\count79
\c@chapter=\count80
\c@section=\count81
\c@subsection=\count82
\c@subsubsection=\count83
\c@paragraph=\count84
\c@subparagraph=\count85
\c@figure=\count86
\c@table=\count87
\abovecaptionskip=\skip41
\belowcaptionskip=\skip42
\bibindent=\dimen102
)
(/usr/local/texlive/2015/texmf-dist/tex/latex/threeparttablex/threeparttablex.s
ty
Package: threeparttablex 2013/07/23 v0.3 by daleif

(/usr/local/texlive/2015/texmf-dist/tex/latex/threeparttable/threeparttable.sty
Package: threeparttable 2003/06/13  v 3.0
\@tempboxb=\box26
) (/usr/local/texlive/2015/texmf-dist/tex/latex/environ/environ.sty
Package: environ 2014/05/04 v0.3 A new way to define environments

(/usr/local/texlive/2015/texmf-dist/tex/latex/trimspaces/trimspaces.sty
Package: trimspaces 2009/09/17 v1.1 Trim spaces around a token list
)
\@envbody=\toks14
)
\TPTL@width=\skip43
)
(/usr/local/texlive/2015/texmf-dist/tex/latex/xcolor/xcolor.sty
Package: xcolor 2007/01/21 v2.11 LaTeX color extensions (UK)

(/usr/local/texlive/2015/texmf-dist/tex/latex/latexconfig/color.cfg
File: color.cfg 2007/01/18 v1.5 color configuration of teTeX/TeXLive
)
Package xcolor Info: Driver file: pdftex.def on input line 225.

(/usr/local/texlive/2015/texmf-dist/tex/latex/pdftex-def/pdftex.def
File: pdftex.def 2011/05/27 v0.06d Graphics/color for pdfTeX

(/usr/local/texlive/2015/texmf-dist/tex/generic/oberdiek/infwarerr.sty
Package: infwarerr 2010/04/08 v1.3 Providing info/warning/error messages (HO)
)
(/usr/local/texlive/2015/texmf-dist/tex/generic/oberdiek/ltxcmds.sty
Package: ltxcmds 2011/11/09 v1.22 LaTeX kernel commands for general use (HO)
)
\Gread@gobject=\count88
)
(/usr/local/texlive/2015/texmf-dist/tex/latex/colortbl/colortbl.sty
Package: colortbl 2012/02/13 v1.0a Color table columns (DPC)

(/usr/local/texlive/2015/texmf-dist/tex/latex/tools/array.sty
Package: array 2014/10/28 v2.4c Tabular extension package (FMi)
\col@sep=\dimen103
\extrarowheight=\dimen104
\NC@list=\toks15
\extratabsurround=\skip44
\backup@length=\skip45
)
\everycr=\toks16
\minrowclearance=\skip46
)
\rownum=\count89
Package xcolor Info: Model `cmy' substituted by `cmy0' on input line 1337.
Package xcolor Info: Model `hsb' substituted by `rgb' on input line 1341.
Package xcolor Info: Model `RGB' extended on input line 1353.
Package xcolor Info: Model `HTML' substituted by `rgb' on input line 1355.
Package xcolor Info: Model `Hsb' substituted by `hsb' on input line 1356.
Package xcolor Info: Model `tHsb' substituted by `hsb' on input line 1357.
Package xcolor Info: Model `HSB' substituted by `hsb' on input line 1358.
Package xcolor Info: Model `Gray' substituted by `gray' on input line 1359.
Package xcolor Info: Model `wave' substituted by `hsb' on input line 1360.
)
(/usr/local/texlive/2015/texmf-dist/tex/latex/tabu/tabu.sty
Package: tabu 2011/02/26 v2.8 - flexible LaTeX tabulars (FC)

(/usr/local/texlive/2015/texmf-dist/tex/latex/varwidth/varwidth.sty
Package: varwidth 2009/03/30 ver 0.92;  Variable-width minipages
\@vwid@box=\box27
\sift@deathcycles=\count90
\@vwid@loff=\dimen105
\@vwid@roff=\dimen106
)
\c@taburow=\count91
\tabu@nbcols=\count92
\tabu@cnt=\count93
\tabu@Xcol=\count94
\tabu@alloc=\count95
\tabu@nested=\count96
\tabu@target=\dimen107
\tabu@spreadtarget=\dimen108
\tabu@naturalX=\dimen109
\tabucolX=\dimen110
\tabu@Xsum=\dimen111
\extrarowdepth=\dimen112
\abovetabulinesep=\dimen113
\belowtabulinesep=\dimen114
\tabustrutrule=\dimen115
\tabu@thebody=\toks17
\tabu@footnotes=\toks18
\tabu@box=\box28
\tabu@arstrutbox=\box29
\tabu@hleads=\box30
\tabu@vleads=\box31
\tabu@cellskip=\skip47
)
(/usr/local/texlive/2015/texmf-dist/tex/latex/rotating/rotating.sty
Package: rotating 2009/03/28 v2.16a rotated objects in LaTeX

(/usr/local/texlive/2015/texmf-dist/tex/latex/graphics/graphicx.sty
Package: graphicx 2014/10/28 v1.0g Enhanced LaTeX Graphics (DPC,SPQR)

(/usr/local/texlive/2015/texmf-dist/tex/latex/graphics/keyval.sty
Package: keyval 2014/10/28 v1.15 key=value parser (DPC)
\KV@toks@=\toks19
)
(/usr/local/texlive/2015/texmf-dist/tex/latex/graphics/graphics.sty
Package: graphics 2014/10/28 v1.0p Standard LaTeX Graphics (DPC,SPQR)

(/usr/local/texlive/2015/texmf-dist/tex/latex/graphics/trig.sty
Package: trig 1999/03/16 v1.09 sin cos tan (DPC)
)
(/usr/local/texlive/2015/texmf-dist/tex/latex/latexconfig/graphics.cfg
File: graphics.cfg 2010/04/23 v1.9 graphics configuration of TeX Live
)
Package graphics Info: Driver file: pdftex.def on input line 94.
)
\Gin@req@height=\dimen116
\Gin@req@width=\dimen117
)
(/usr/local/texlive/2015/texmf-dist/tex/latex/base/ifthen.sty
Package: ifthen 2014/09/29 v1.1c Standard LaTeX ifthen package (DPC)
)
\c@r@tfl@t=\count97
\rotFPtop=\skip48
\rotFPbot=\skip49
\rot@float@box=\box32
\rot@mess@toks=\toks20
)
(/usr/local/texlive/2015/texmf-dist/tex/latex/ltablex/ltablex.sty
Package: ltablex 2014/08/13 v1.1 Modified tabularx

(/usr/local/texlive/2015/texmf-dist/tex/latex/tools/longtable.sty
Package: longtable 2014/10/28 v4.11 Multi-page Table package (DPC)
\LTleft=\skip50
\LTright=\skip51
\LTpre=\skip52
\LTpost=\skip53
\LTchunksize=\count98
\LTcapwidth=\dimen118
\LT@head=\box33
\LT@firsthead=\box34
\LT@foot=\box35
\LT@lastfoot=\box36
\LT@cols=\count99
\LT@rows=\count100
\c@LT@tables=\count101
\c@LT@chunks=\count102
\LT@p@ftn=\toks21
)
(/usr/local/texlive/2015/texmf-dist/tex/latex/tools/tabularx.sty
Package: tabularx 2014/10/28 v2.10 `tabularx' package (DPC)
\TX@col@width=\dimen119
\TX@old@table=\dimen120
\TX@old@col=\dimen121
\TX@target=\dimen122
\TX@delta=\dimen123
\TX@cols=\count103
\TX@ftn=\toks22
))
(/usr/local/texlive/2015/texmf-dist/tex/latex/graphics/lscape.sty
Package: lscape 2000/10/22 v3.01 Landscape Pages (DPC)
)
(/usr/local/texlive/2015/texmf-dist/tex/latex/booktabs/booktabs.sty
Package: booktabs 2005/04/14 v1.61803 publication quality tables
\heavyrulewidth=\dimen124
\lightrulewidth=\dimen125
\cmidrulewidth=\dimen126
\belowrulesep=\dimen127
\belowbottomsep=\dimen128
\aboverulesep=\dimen129
\abovetopsep=\dimen130
\cmidrulesep=\dimen131
\cmidrulekern=\dimen132
\defaultaddspace=\dimen133
\@cmidla=\count104
\@cmidlb=\count105
\@aboverulesep=\dimen134
\@belowrulesep=\dimen135
\@thisruleclass=\count106
\@lastruleclass=\count107
\@thisrulewidth=\dimen136
)
(./revertants_FNV_STANDALONE.aux)
\openout1 = `revertants_FNV_STANDALONE.aux'.

LaTeX Font Info:    Checking defaults for OML/cmm/m/it on input line 11.
LaTeX Font Info:    ... okay on input line 11.
LaTeX Font Info:    Checking defaults for T1/cmr/m/n on input line 11.
LaTeX Font Info:    ... okay on input line 11.
LaTeX Font Info:    Checking defaults for OT1/cmr/m/n on input line 11.
LaTeX Font Info:    ... okay on input line 11.
LaTeX Font Info:    Checking defaults for OMS/cmsy/m/n on input line 11.
LaTeX Font Info:    ... okay on input line 11.
LaTeX Font Info:    Checking defaults for OMX/cmex/m/n on input line 11.
LaTeX Font Info:    ... okay on input line 11.
LaTeX Font Info:    Checking defaults for U/cmr/m/n on input line 11.
LaTeX Font Info:    ... okay on input line 11.

(/usr/local/texlive/2015/texmf-dist/tex/context/base/supp-pdf.mkii
[Loading MPS to PDF converter (version 2006.09.02).]
\scratchcounter=\count108
\scratchdimen=\dimen137
\scratchbox=\box37
\nofMPsegments=\count109
\nofMParguments=\count110
\everyMPshowfont=\toks23
\MPscratchCnt=\count111
\MPscratchDim=\dimen138
\MPnumerator=\count112
\makeMPintoPDFobject=\count113
\everyMPtoPDFconversion=\toks24
) (/usr/local/texlive/2015/texmf-dist/tex/generic/oberdiek/pdftexcmds.sty
Package: pdftexcmds 2011/11/29 v0.20 Utility functions of pdfTeX for LuaTeX (HO
)

(/usr/local/texlive/2015/texmf-dist/tex/generic/oberdiek/ifluatex.sty
Package: ifluatex 2010/03/01 v1.3 Provides the ifluatex switch (HO)
Package ifluatex Info: LuaTeX not detected.
)
(/usr/local/texlive/2015/texmf-dist/tex/generic/oberdiek/ifpdf.sty
Package: ifpdf 2011/01/30 v2.3 Provides the ifpdf switch (HO)
Package ifpdf Info: pdfTeX in PDF mode is detected.
)
Package pdftexcmds Info: LuaTeX not detected.
Package pdftexcmds Info: \pdf@primitive is available.
Package pdftexcmds Info: \pdf@ifprimitive is available.
Package pdftexcmds Info: \pdfdraftmode found.
)
(/usr/local/texlive/2015/texmf-dist/tex/latex/oberdiek/epstopdf-base.sty
Package: epstopdf-base 2010/02/09 v2.5 Base part for package epstopdf

(/usr/local/texlive/2015/texmf-dist/tex/latex/oberdiek/grfext.sty
Package: grfext 2010/08/19 v1.1 Manage graphics extensions (HO)

(/usr/local/texlive/2015/texmf-dist/tex/generic/oberdiek/kvdefinekeys.sty
Package: kvdefinekeys 2011/04/07 v1.3 Define keys (HO)
))
(/usr/local/texlive/2015/texmf-dist/tex/latex/oberdiek/kvoptions.sty
Package: kvoptions 2011/06/30 v3.11 Key value format for package options (HO)

(/usr/local/texlive/2015/texmf-dist/tex/generic/oberdiek/kvsetkeys.sty
Package: kvsetkeys 2012/04/25 v1.16 Key value parser (HO)

(/usr/local/texlive/2015/texmf-dist/tex/generic/oberdiek/etexcmds.sty
Package: etexcmds 2011/02/16 v1.5 Avoid name clashes with e-TeX commands (HO)
Package etexcmds Info: Could not find \expanded.
(etexcmds)             That can mean that you are not using pdfTeX 1.50 or
(etexcmds)             that some package has redefined \expanded.
(etexcmds)             In the latter case, load this package earlier.
)))
Package grfext Info: Graphics extension search list:
(grfext)             [.png,.pdf,.jpg,.mps,.jpeg,.jbig2,.jb2,.PNG,.PDF,.JPG,.JPE
G,.JBIG2,.JB2,.eps]
(grfext)             \AppendGraphicsExtensions on input line 452.

(/usr/local/texlive/2015/texmf-dist/tex/latex/latexconfig/epstopdf-sys.cfg
File: epstopdf-sys.cfg 2010/07/13 v1.3 Configuration of (r)epstopdf for TeX Liv
e
))
(./revertants_FNV_SOURCE.tex
Overfull \hbox (4.5037pt too wide) in paragraph at lines 146--146
[]\OT1/cmr/m/n/8 0.5641|  
 []


Overfull \hbox (4.5037pt too wide) in paragraph at lines 146--146
[]\OT1/cmr/m/n/8 0.4662|  
 []


Overfull \hbox (4.5037pt too wide) in paragraph at lines 146--146
[]\OT1/cmr/m/n/8 0.4505|  
 []


Overfull \hbox (4.5037pt too wide) in paragraph at lines 146--146
[]\OT1/cmr/m/n/8 0.7743|  
 []


Overfull \hbox (4.5037pt too wide) in paragraph at lines 146--146
[]\OT1/cmr/m/n/8 0.3232|  
 []


Overfull \hbox (4.5037pt too wide) in paragraph at lines 146--146
[]\OT1/cmr/m/n/8 0.4738|  
 []


Overfull \hbox (4.5037pt too wide) in paragraph at lines 146--146
[]\OT1/cmr/m/n/8 0.5522|  
 []


Overfull \hbox (4.5037pt too wide) in paragraph at lines 146--146
[]\OT1/cmr/m/n/8 0.1201|  
 []


Overfull \hbox (4.5037pt too wide) in paragraph at lines 146--146
[]\OT1/cmr/m/n/8 0.1933|  
 []


Overfull \hbox (4.5037pt too wide) in paragraph at lines 146--146
[]\OT1/cmr/m/n/8 0.8417|  
 []


Overfull \hbox (4.5037pt too wide) in paragraph at lines 146--146
[]\OT1/cmr/m/n/8 0.2938|  
 []


Overfull \hbox (4.5037pt too wide) in paragraph at lines 146--146
[]\OT1/cmr/m/n/8 0.1964|  
 []


Overfull \hbox (4.5037pt too wide) in paragraph at lines 146--146
[]\OT1/cmr/m/n/8 0.5182|  
 []


Overfull \hbox (4.5037pt too wide) in paragraph at lines 146--146
[]\OT1/cmr/m/n/8 0.3143|  
 []


Overfull \hbox (4.5037pt too wide) in paragraph at lines 146--146
[]\OT1/cmr/m/n/8 0.2945|  
 []


Overfull \hbox (4.5037pt too wide) in paragraph at lines 146--146
[]\OT1/cmr/m/n/8 0.2916|  
 []


Overfull \hbox (4.5037pt too wide) in paragraph at lines 146--146
[]\OT1/cmr/m/n/8 0.0936|  
 []


Overfull \hbox (4.5037pt too wide) in paragraph at lines 146--146
[]\OT1/cmr/m/n/8 0.3323|  
 []


Overfull \hbox (4.5037pt too wide) in paragraph at lines 146--146
[]\OT1/cmr/m/n/8 0.4831|  
 []


Overfull \hbox (4.5037pt too wide) in paragraph at lines 146--146
[]\OT1/cmr/m/n/8 0.9055|  
 []


Overfull \hbox (4.5037pt too wide) in paragraph at lines 146--146
[]\OT1/cmr/m/n/8 0.7235|  
 []


Overfull \hbox (4.5037pt too wide) in paragraph at lines 146--146
[]\OT1/cmr/m/n/8 0.7516|  
 []


Overfull \hbox (4.5037pt too wide) in paragraph at lines 146--146
[]\OT1/cmr/m/n/8 0.5134|  
 []


Overfull \hbox (4.5037pt too wide) in paragraph at lines 146--146
[]\OT1/cmr/m/n/8 0.3517|  
 []


Overfull \hbox (4.5037pt too wide) in paragraph at lines 146--146
[]\OT1/cmr/m/n/8 0.5972|  
 []


Overfull \hbox (4.5037pt too wide) in paragraph at lines 146--146
[]\OT1/cmr/m/n/8 0.6109|  
 []


Overfull \hbox (4.5037pt too wide) in paragraph at lines 146--146
[]\OT1/cmr/m/n/8 0.3918|  
 []


Overfull \hbox (4.5037pt too wide) in paragraph at lines 146--146
[]\OT1/cmr/m/n/8 0.4787|  
 []


Overfull \hbox (4.5037pt too wide) in paragraph at lines 146--146
[]\OT1/cmr/m/n/8 0.5875|  
 []


Overfull \hbox (4.5037pt too wide) in paragraph at lines 146--146
[]\OT1/cmr/m/n/8 0.4407|  
 []


Overfull \hbox (4.5037pt too wide) in paragraph at lines 146--146
[]\OT1/cmr/m/n/8 0.2764|  
 []


Overfull \hbox (4.5037pt too wide) in paragraph at lines 146--146
[]\OT1/cmr/m/n/8 0.5955|  
 []


Overfull \hbox (4.5037pt too wide) in paragraph at lines 146--146
[]\OT1/cmr/m/n/8 0.4493|  
 []


Overfull \hbox (4.5037pt too wide) in paragraph at lines 146--146
[]\OT1/cmr/m/n/8 0.3976|  
 []


Overfull \hbox (4.5037pt too wide) in paragraph at lines 146--146
[]\OT1/cmr/m/n/8 0.4283|  
 []


Overfull \hbox (4.5037pt too wide) in paragraph at lines 146--146
[]\OT1/cmr/m/n/8 0.3968|  
 []


Overfull \hbox (4.5037pt too wide) in paragraph at lines 146--146
[]\OT1/cmr/m/n/8 0.3969|  
 []


Overfull \hbox (4.5037pt too wide) in paragraph at lines 146--146
[]\OT1/cmr/m/n/8 0.2855|  
 []


Overfull \hbox (4.5037pt too wide) in paragraph at lines 146--146
[]\OT1/cmr/m/n/8 0.4265|  
 []


Overfull \hbox (4.5037pt too wide) in paragraph at lines 146--146
[]\OT1/cmr/m/n/8 0.5144|  
 []


Overfull \hbox (4.5037pt too wide) in paragraph at lines 146--146
[]\OT1/cmr/m/n/8 0.8382|  
 []


Overfull \hbox (4.5037pt too wide) in paragraph at lines 146--146
[]\OT1/cmr/m/n/8 0.4437|  
 []


Overfull \hbox (4.5037pt too wide) in paragraph at lines 146--146
[]\OT1/cmr/m/n/8 0.3265|  
 []


Overfull \hbox (4.5037pt too wide) in paragraph at lines 146--146
[]\OT1/cmr/m/n/8 0.9049|  
 []


Overfull \hbox (4.5037pt too wide) in paragraph at lines 146--146
[]\OT1/cmr/m/n/8 0.4859|  
 []


Overfull \hbox (4.5037pt too wide) in paragraph at lines 146--146
[]\OT1/cmr/m/n/8 0.2547|  
 []


Overfull \hbox (4.5037pt too wide) in paragraph at lines 146--146
[]\OT1/cmr/m/n/8 0.6857|  
 []


Overfull \hbox (4.5037pt too wide) in paragraph at lines 146--146
[]\OT1/cmr/m/n/8 0.5395|  
 []


Overfull \hbox (4.5037pt too wide) in paragraph at lines 146--146
[]\OT1/cmr/m/n/8 0.8631|  
 []


Overfull \hbox (4.5037pt too wide) in paragraph at lines 146--146
[]\OT1/cmr/m/n/8 0.3312|  
 []


Overfull \hbox (4.5037pt too wide) in paragraph at lines 146--146
[]\OT1/cmr/m/n/8 0.3153|  
 []


Overfull \hbox (4.5037pt too wide) in paragraph at lines 146--146
[]\OT1/cmr/m/n/8 0.7339|  
 []


Overfull \hbox (4.5037pt too wide) in paragraph at lines 146--146
[]\OT1/cmr/m/n/8 0.4097|  
 []


Overfull \hbox (4.5037pt too wide) in paragraph at lines 146--146
[]\OT1/cmr/m/n/8 0.7019|  
 []


Overfull \hbox (4.5037pt too wide) in paragraph at lines 146--146
[]\OT1/cmr/m/n/8 0.2435|  
 []


Overfull \hbox (4.5037pt too wide) in paragraph at lines 146--146
[]\OT1/cmr/m/n/8 0.8646|  
 []


Overfull \hbox (4.5037pt too wide) in paragraph at lines 146--146
[]\OT1/cmr/m/n/8 0.3508|  
 []


Overfull \hbox (4.5037pt too wide) in paragraph at lines 146--146
[]\OT1/cmr/m/n/8 0.1737|  
 []


Overfull \hbox (4.5037pt too wide) in paragraph at lines 146--146
[]\OT1/cmr/m/n/8 0.5503|  
 []


Overfull \hbox (4.5037pt too wide) in paragraph at lines 146--146
[]\OT1/cmr/m/n/8 0.9047|  
 []


Overfull \hbox (4.5037pt too wide) in paragraph at lines 146--146
[]\OT1/cmr/m/n/8 0.4307|  
 []


Overfull \hbox (4.5037pt too wide) in paragraph at lines 146--146
[]\OT1/cmr/m/n/8 0.6574|  
 []


Overfull \hbox (4.5037pt too wide) in paragraph at lines 146--146
[]\OT1/cmr/m/n/8 0.9072|  
 []


Overfull \hbox (4.5037pt too wide) in paragraph at lines 146--146
[]\OT1/cmr/m/n/8 0.4555|  
 []


Overfull \hbox (4.5037pt too wide) in paragraph at lines 146--146
[]\OT1/cmr/m/n/8 0.3502|  
 []


Overfull \hbox (4.5037pt too wide) in paragraph at lines 146--146
[]\OT1/cmr/m/n/8 0.1701|  
 []


Overfull \hbox (4.5037pt too wide) in paragraph at lines 146--146
[]\OT1/cmr/m/n/8 0.7758|  
 []


Overfull \hbox (4.5037pt too wide) in paragraph at lines 146--146
[]\OT1/cmr/m/n/8 0.3065|  
 []


Overfull \hbox (4.5037pt too wide) in paragraph at lines 146--146
[]\OT1/cmr/m/n/8 0.3123|  
 []


Overfull \hbox (4.5037pt too wide) in paragraph at lines 146--146
[]\OT1/cmr/m/n/8 0.4341|  
 []


Overfull \hbox (4.5037pt too wide) in paragraph at lines 146--146
[]\OT1/cmr/m/n/8 0.5379|  
 []


Overfull \hbox (4.5037pt too wide) in paragraph at lines 146--146
[]\OT1/cmr/m/n/8 0.6854|  
 []


Overfull \hbox (4.5037pt too wide) in paragraph at lines 146--146
[]\OT1/cmr/m/n/8 0.7767|  
 []


Overfull \hbox (4.5037pt too wide) in paragraph at lines 146--146
[]\OT1/cmr/m/n/8 0.5244|  
 []


Overfull \hbox (4.5037pt too wide) in paragraph at lines 146--146
[]\OT1/cmr/m/n/8 0.6303|  
 []


Overfull \hbox (4.5037pt too wide) in paragraph at lines 146--146
[]\OT1/cmr/m/n/8 0.7438|  
 []


Overfull \hbox (4.5037pt too wide) in paragraph at lines 146--146
[]\OT1/cmr/m/n/8 0.6266|  
 []


Overfull \hbox (4.5037pt too wide) in paragraph at lines 146--146
[]\OT1/cmr/m/n/8 0.8395|  
 []


Overfull \hbox (4.5037pt too wide) in paragraph at lines 146--146
[]\OT1/cmr/m/n/8 0.4578|  
 []


Overfull \hbox (4.5037pt too wide) in paragraph at lines 146--146
[]\OT1/cmr/m/n/8 0.3176|  
 []


Overfull \hbox (4.5037pt too wide) in paragraph at lines 146--146
[]\OT1/cmr/m/n/8 0.4337|  
 []


Overfull \hbox (4.5037pt too wide) in paragraph at lines 146--146
[]\OT1/cmr/m/n/8 0.9203|  
 []


Overfull \hbox (4.5037pt too wide) in paragraph at lines 146--146
[]\OT1/cmr/m/n/8 0.5921|  
 []


Overfull \hbox (4.5037pt too wide) in paragraph at lines 146--146
[]\OT1/cmr/m/n/8 0.7647|  
 []


Overfull \hbox (4.5037pt too wide) in paragraph at lines 146--146
[]\OT1/cmr/m/n/8 0.2803|  
 []


Overfull \hbox (4.5037pt too wide) in paragraph at lines 146--146
[]\OT1/cmr/m/n/8 0.9385|  
 []


Overfull \hbox (4.5037pt too wide) in paragraph at lines 146--146
[]\OT1/cmr/m/n/8 0.4168|  
 []


Overfull \hbox (4.5037pt too wide) in paragraph at lines 146--146
[]\OT1/cmr/m/n/8 0.3481|  
 []


Overfull \hbox (4.5037pt too wide) in paragraph at lines 146--146
[]\OT1/cmr/m/n/8 0.2757|  
 []


Overfull \hbox (4.5037pt too wide) in paragraph at lines 146--146
[]\OT1/cmr/m/n/8 0.5965|  
 []


Overfull \hbox (4.5037pt too wide) in paragraph at lines 146--146
[]\OT1/cmr/m/n/8 0.8807|  
 []


Overfull \hbox (4.5037pt too wide) in paragraph at lines 146--146
[]\OT1/cmr/m/n/8 0.9309|  
 []


Overfull \hbox (4.5037pt too wide) in paragraph at lines 146--146
[]\OT1/cmr/m/n/8 0.2839|  
 []


Overfull \hbox (4.5037pt too wide) in paragraph at lines 146--146
[]\OT1/cmr/m/n/8 0.4039|  
 []


Overfull \hbox (4.5037pt too wide) in paragraph at lines 146--146
[]\OT1/cmr/m/n/8 0.8709|  
 []


Overfull \hbox (4.5037pt too wide) in paragraph at lines 146--146
[]\OT1/cmr/m/n/8 0.7502|  
 []


Overfull \hbox (4.5037pt too wide) in paragraph at lines 146--146
[]\OT1/cmr/m/n/8 0.8036|  
 []


Overfull \hbox (4.5037pt too wide) in paragraph at lines 146--146
[]\OT1/cmr/m/n/8 0.8637|  
 []


Overfull \hbox (4.5037pt too wide) in paragraph at lines 146--146
[]\OT1/cmr/m/n/8 0.3439|  
 []


Overfull \hbox (4.5037pt too wide) in paragraph at lines 146--146
[]\OT1/cmr/m/n/8 0.3961|  
 []


Overfull \hbox (4.5037pt too wide) in paragraph at lines 146--146
[]\OT1/cmr/m/n/8 0.7361|  
 []


Overfull \hbox (4.5037pt too wide) in paragraph at lines 146--146
[]\OT1/cmr/m/n/8 0.9356|  
 []


Overfull \hbox (4.5037pt too wide) in paragraph at lines 146--146
[]\OT1/cmr/m/n/8 0.5368|  
 []


Overfull \hbox (4.5037pt too wide) in paragraph at lines 146--146
[]\OT1/cmr/m/n/8 0.3413|  
 []


Overfull \hbox (4.5037pt too wide) in paragraph at lines 146--146
[]\OT1/cmr/m/n/8 0.3985|  
 []


Overfull \hbox (4.5037pt too wide) in paragraph at lines 146--146
[]\OT1/cmr/m/n/8 0.6836|  
 []


Overfull \hbox (4.5037pt too wide) in paragraph at lines 146--146
[]\OT1/cmr/m/n/8 0.4648|  
 []


Overfull \hbox (4.5037pt too wide) in paragraph at lines 146--146
[]\OT1/cmr/m/n/8 0.6482|  
 []


Overfull \hbox (2.14255pt too wide) in paragraph at lines 146--146
[]\OT1/cmr/m/n/8 10120|  
 []


Overfull \hbox (4.5037pt too wide) in paragraph at lines 146--146
[]\OT1/cmr/m/n/8 0.5836|  
 []


Overfull \hbox (2.14255pt too wide) in paragraph at lines 146--146
[]\OT1/cmr/m/n/8 10141|  
 []


Overfull \hbox (4.5037pt too wide) in paragraph at lines 146--146
[]\OT1/cmr/m/n/8 0.5295|  
 []


Overfull \hbox (2.14255pt too wide) in paragraph at lines 146--146
[]\OT1/cmr/m/n/8 10265|  
 []


Overfull \hbox (4.5037pt too wide) in paragraph at lines 146--146
[]\OT1/cmr/m/n/8 0.6584|  
 []


Overfull \hbox (2.14255pt too wide) in paragraph at lines 146--146
[]\OT1/cmr/m/n/8 10268|  
 []


Overfull \hbox (4.5037pt too wide) in paragraph at lines 146--146
[]\OT1/cmr/m/n/8 0.4438|  
 []


Overfull \hbox (2.14255pt too wide) in paragraph at lines 146--146
[]\OT1/cmr/m/n/8 10285|  
 []


Overfull \hbox (2.14255pt too wide) in paragraph at lines 146--146
[]\OT1/cmr/m/n/8 10312|  
 []


Overfull \hbox (2.14255pt too wide) in paragraph at lines 146--146
[]\OT1/cmr/m/n/8 10338|  
 []


Overfull \hbox (4.5037pt too wide) in paragraph at lines 146--146
[]\OT1/cmr/m/n/8 0.2922|  
 []


Overfull \hbox (2.14255pt too wide) in paragraph at lines 146--146
[]\OT1/cmr/m/n/8 10357|  
 []


Overfull \hbox (2.14255pt too wide) in paragraph at lines 146--146
[]\OT1/cmr/m/n/8 10358|  
 []


Overfull \hbox (2.14255pt too wide) in paragraph at lines 146--146
[]\OT1/cmr/m/n/8 10363|  
 []


Overfull \hbox (2.14255pt too wide) in paragraph at lines 146--146
[]\OT1/cmr/m/n/8 10418|  
 []


Overfull \hbox (2.14255pt too wide) in paragraph at lines 146--146
[]\OT1/cmr/m/n/8 10550|  
 []


Overfull \hbox (2.14255pt too wide) in paragraph at lines 146--146
[]\OT1/cmr/m/n/8 10798|  
 []


Overfull \hbox (4.5037pt too wide) in paragraph at lines 146--146
[]\OT1/cmr/m/n/8 0.6628|  
 []


Overfull \hbox (2.14255pt too wide) in paragraph at lines 146--146
[]\OT1/cmr/m/n/8 10800|  
 []


Overfull \hbox (4.5037pt too wide) in paragraph at lines 146--146
[]\OT1/cmr/m/n/8 0.3235|  
 []


Overfull \hbox (9.93964pt too wide) in alignment at lines 146--146
 [] [] [] [] [] [] [] [] [] [] [] [] [] [] [] [] [] [] [] 
 []


Underfull \vbox (badness 10000) detected at line 146
 []

[1


{/usr/local/texlive/2015/texmf-var/fonts/map/pdftex/updmap/pdftex.map}]
[2] [3] [4]) [5] (./revertants_FNV_STANDALONE.aux) ) 
Here is how much of TeX's memory you used:
 3496 strings out of 493089
 48053 string characters out of 6134842
 15182408 words of memory out of 25129209
 6932 multiletter control sequences out of 15000+600000
 5772 words of font info for 21 fonts, out of 8000000 for 9000
 1141 hyphenation exceptions out of 8191
 41i,12n,44p,391b,509s stack positions out of 5000i,500n,10000p,20000000b,80000s
</usr/local/texlive/2015/te
xmf-dist/fonts/type1/public/amsfonts/cm/cmbx8.pfb></usr/local/texlive/2015/texm
f-dist/fonts/type1/public/amsfonts/cm/cmr10.pfb></usr/local/texlive/2015/texmf-
dist/fonts/type1/public/amsfonts/cm/cmr6.pfb></usr/local/texlive/2015/texmf-dis
t/fonts/type1/public/amsfonts/cm/cmr8.pfb>
Output written on revertants_FNV_STANDALONE.pdf (5 pages, 68391 bytes).
PDF statistics:
 36 PDF objects out of 1000 (max. 8388607)
 24 compressed objects within 1 object stream
 0 named destinations out of 1000 (max. 500000)
 1 words of extra memory for PDF output out of 10000 (max. 10000000)

